#
# A fatal error has been detected by the Java Runtime Environment:
#
#  Internal Error (classFileParser.cpp:3494), pid=54328, tid=49752
#  Error: ShouldNotReachHere()
#
# JRE version: 6.0_45-b06
# Java VM: Java HotSpot(TM) Client VM (20.45-b01 mixed mode windows-x86 )
# If you would like to submit a bug report, please visit:
#   http://java.sun.com/webapps/bugreport/crash.jsp
#

---------------  T H R E A D  ---------------

Current thread (0x01eda000):  JavaThread "Unknown thread" [_thread_in_vm, id=49752, stack(0x00230000,0x00280000)]

Stack: [0x00230000,0x00280000],  sp=0x0027f86c,  free space=318k
Native frames: (J=compiled Java code, j=interpreted, Vv=VM code, C=native code)
V  [jvm.dll+0x13490a]
V  [jvm.dll+0x12f3fb]
V  [jvm.dll+0x1676e]
V  [jvm.dll+0x17faf]
V  [jvm.dll+0x27565]
V  [jvm.dll+0x27da6]
V  [jvm.dll+0x28155]
V  [jvm.dll+0x281e9]
V  [jvm.dll+0x282ac]
V  [jvm.dll+0x2832a]
V  [jvm.dll+0x2840d]
V  [jvm.dll+0x286d9]
V  [jvm.dll+0x6cdd3]
V  [jvm.dll+0x6d1ac]
V  [jvm.dll+0xfa79c]
V  [jvm.dll+0x1190eb]
V  [jvm.dll+0x9f4e0]
C  [javaw.exe+0x1657]
C  [javaw.exe+0x1e2c]
C  [javaw.exe+0x8624]
C  [kernel32.dll+0x1336a]  BaseThreadInitThunk+0x12
C  [ntdll.dll+0x39f72]  RtlInitializeExceptionChain+0x63
C  [ntdll.dll+0x39f45]  RtlInitializeExceptionChain+0x36


---------------  P R O C E S S  ---------------

Java Threads: ( => current thread )

Other Threads:

=>0x01eda000 (exited) JavaThread "Unknown thread" [_thread_in_vm, id=49752, stack(0x00230000,0x00280000)]

VM state:not at safepoint (not fully initialized)

VM Mutex/Monitor currently owned by a thread: None

Dynamic libraries:
0x00400000 - 0x00425000 	C:\jdk1.6.0_45\jdk1.6.0_45\bin\javaw.exe
0x77510000 - 0x77690000 	C:\windows\SysWOW64\ntdll.dll
0x761c0000 - 0x762d0000 	C:\windows\syswow64\kernel32.dll
0x76630000 - 0x76677000 	C:\windows\syswow64\KERNELBASE.dll
0x76cf0000 - 0x76d90000 	C:\windows\syswow64\ADVAPI32.dll
0x76ef0000 - 0x76f9c000 	C:\windows\syswow64\msvcrt.dll
0x76890000 - 0x768a9000 	C:\windows\SysWOW64\sechost.dll
0x750d0000 - 0x751c0000 	C:\windows\syswow64\RPCRT4.dll
0x75070000 - 0x750d0000 	C:\windows\syswow64\SspiCli.dll
0x75060000 - 0x7506c000 	C:\windows\syswow64\CRYPTBASE.dll
0x76940000 - 0x76a40000 	C:\windows\syswow64\USER32.dll
0x76060000 - 0x760f0000 	C:\windows\syswow64\GDI32.dll
0x76180000 - 0x7618a000 	C:\windows\syswow64\LPK.dll
0x75320000 - 0x753bd000 	C:\windows\syswow64\USP10.dll
0x75290000 - 0x752f0000 	C:\windows\system32\IMM32.DLL
0x762d0000 - 0x7639c000 	C:\windows\syswow64\MSCTF.dll
0x746c0000 - 0x746d5000 	C:\windows\system32\AMINIT32.DLL
0x7c340000 - 0x7c396000 	C:\jdk1.6.0_45\jdk1.6.0_45\jre\bin\msvcr71.dll
0x6d8e0000 - 0x6db90000 	C:\jdk1.6.0_45\jdk1.6.0_45\jre\bin\client\jvm.dll
0x749c0000 - 0x749f2000 	C:\windows\system32\WINMM.dll
0x72b10000 - 0x72b5c000 	C:\windows\system32\apphelp.dll
0x6d890000 - 0x6d89c000 	C:\jdk1.6.0_45\jdk1.6.0_45\jre\bin\verify.dll
0x6d3e0000 - 0x6d3ff000 	C:\jdk1.6.0_45\jdk1.6.0_45\jre\bin\java.dll
0x6d8d0000 - 0x6d8df000 	C:\jdk1.6.0_45\jdk1.6.0_45\jre\bin\zip.dll
0x774e0000 - 0x774e5000 	C:\windows\system32\PSAPI.DLL

VM Arguments:
jvm_args: -Dfile.encoding=UTF-8 -Xbootclasspath:D:\android_develop\adt-bundle-windows-x86_64-20130729\adt-bundle-windows-x86_64-20130729\sdk\platforms\android-18\android.jar 
java_command: com.zhixinzhoubian.manager.BangbangManager
Launcher Type: SUN_STANDARD

Environment Variables:
JAVA_HOME=C:\jdk1.6.0_45\jdk1.6.0_45\
PATH=C:\Program Files (x86)\Intel\iCLS Client\;C:\Program Files\Intel\iCLS Client\;C:\windows\system32;C:\windows;C:\windows\System32\Wbem;C:\windows\System32\WindowsPowerShell\v1.0\;C:\Program Files\Intel\WiFi\bin\;C:\Program Files\Common Files\Intel\WirelessCommon\;C:\Program Files\ThinkPad\Bluetooth Software\;C:\Program Files\ThinkPad\Bluetooth Software\syswow64;;C:\Program Files\Intel\Intel(R) Management Engine Components\DAL;C:\Program Files\Intel\Intel(R) Management Engine Components\IPT;C:\Program Files (x86)\Intel\Intel(R) Management Engine Components\DAL;C:\Program Files (x86)\Intel\Intel(R) Management Engine Components\IPT;C:\Program Files (x86)\Intel\OpenCL SDK\2.0\bin\x86;C:\Program Files (x86)\Intel\OpenCL SDK\2.0\bin\x64;C:\Program Files\TortoiseSVN\bin;C:\Program Files\Java\jdk1.6.0_35\bin;C:\myenv\mysql\MySQL Utilities 1.3.4\;C:\myenv\php;
USERNAME=miaolong01
OS=Windows_NT
PROCESSOR_IDENTIFIER=Intel64 Family 6 Model 58 Stepping 9, GenuineIntel



---------------  S Y S T E M  ---------------

OS: Windows 7 , 64 bit Build 7601 Service Pack 1

CPU:total 4 (2 cores per cpu, 2 threads per core) family 6 model 58 stepping 9, cmov, cx8, fxsr, mmx, sse, sse2, sse3, ssse3, sse4.1, sse4.2, popcnt, ht

Memory: 4k page, physical 3882800k(177184k free), swap 10512524k(956552k free)

vm_info: Java HotSpot(TM) Client VM (20.45-b01) for windows-x86 JRE (1.6.0_45-b06), built on Mar 26 2013 13:40:03 by "java_re" with MS VC++ 7.1 (VS2003)

time: Sat Dec 21 19:22:58 2013
elapsed time: 0 seconds

